<?xml version="1.0" encoding="UTF-8"?>
<testng-results ignored="0" total="1" passed="1" failed="0" skipped="0">
  <reporter-output>
    <line>
      <![CDATA[Launching browser]]>
    </line>
  </reporter-output>
  <suite started-at="2022-07-05T22:02:40 IST" name="Default suite" finished-at="2022-07-05T22:02:49 IST" duration-ms="9070">
    <groups>
    </groups>
    <test started-at="2022-07-05T22:02:40 IST" name="Default test" finished-at="2022-07-05T22:02:49 IST" duration-ms="9070">
      <class name="testNG_properties.ValidateUseridofKite_property">
        <test-method is-config="true" signature="launchBrowser()[pri:0, instance:testNG_properties.ValidateUseridofKite_property@1530c739]" started-at="2022-07-05T22:02:40 IST" name="launchBrowser" finished-at="2022-07-05T22:02:46 IST" duration-ms="6046" status="PASS">
          <reporter-output>
            <line>
              <![CDATA[Launching browser]]>
            </line>
          </reporter-output>
        </test-method> <!-- launchBrowser -->
        <test-method is-config="true" signature="loginToKiteApp()[pri:0, instance:testNG_properties.ValidateUseridofKite_property@1530c739]" started-at="2022-07-05T22:02:46 IST" name="loginToKiteApp" finished-at="2022-07-05T22:02:47 IST" duration-ms="555" status="PASS">
          <reporter-output>
          </reporter-output>
        </test-method> <!-- loginToKiteApp -->
        <test-method signature="validateUserID()[pri:0, instance:testNG_properties.ValidateUseridofKite_property@1530c739]" started-at="2022-07-05T22:02:47 IST" name="validateUserID" finished-at="2022-07-05T22:02:48 IST" duration-ms="1308" status="PASS">
          <reporter-output>
          </reporter-output>
        </test-method> <!-- validateUserID -->
        <test-method is-config="true" signature="logOutFromKite()[pri:0, instance:testNG_properties.ValidateUseridofKite_property@1530c739]" started-at="2022-07-05T22:02:48 IST" name="logOutFromKite" finished-at="2022-07-05T22:02:49 IST" duration-ms="871" status="PASS">
          <reporter-output>
          </reporter-output>
        </test-method> <!-- logOutFromKite -->
        <test-method is-config="true" signature="closeBrowser()[pri:0, instance:testNG_properties.ValidateUseridofKite_property@1530c739]" started-at="2022-07-05T22:02:49 IST" name="closeBrowser" finished-at="2022-07-05T22:02:49 IST" duration-ms="223" status="PASS">
          <reporter-output>
          </reporter-output>
        </test-method> <!-- closeBrowser -->
      </class> <!-- testNG_properties.ValidateUseridofKite_property -->
    </test> <!-- Default test -->
  </suite> <!-- Default suite -->
</testng-results>
